Determining if the pthread_create exist failed with the following output:
Change Dir: /home/gsi/Escritorio/mobar/src/ros/build/CMakeFiles/CMakeTmp

Run Build Command:/usr/bin/make "cmTryCompileExec1795519827/fast"
/usr/bin/make -f CMakeFiles/cmTryCompileExec1795519827.dir/build.make CMakeFiles/cmTryCompileExec1795519827.dir/build
make[1]: se ingresa al directorio «/home/gsi/Escritorio/mobar/src/ros/build/CMakeFiles/CMakeTmp»
/usr/bin/cmake -E cmake_progress_report /home/gsi/Escritorio/mobar/src/ros/build/CMakeFiles/CMakeTmp/CMakeFiles 1
Building C object CMakeFiles/cmTryCompileExec1795519827.dir/CheckSymbolExists.c.o
/usr/bin/cc    -o CMakeFiles/cmTryCompileExec1795519827.dir/CheckSymbolExists.c.o   -c /home/gsi/Escritorio/mobar/src/ros/build/CMakeFiles/CMakeTmp/CheckSymbolExists.c
Linking C executable cmTryCompileExec1795519827
/usr/bin/cmake -E cmake_link_script CMakeFiles/cmTryCompileExec1795519827.dir/link.txt --verbose=1
/usr/bin/cc       CMakeFiles/cmTryCompileExec1795519827.dir/CheckSymbolExists.c.o  -o cmTryCompileExec1795519827 -rdynamic 
CMakeFiles/cmTryCompileExec1795519827.dir/CheckSymbolExists.c.o: En la función `main':
CheckSymbolExists.c:(.text+0x16): referencia a `pthread_create' sin definir
collect2: error: ld returned 1 exit status
make[1]: *** [cmTryCompileExec1795519827] Error 1
make[1]: se sale del directorio «/home/gsi/Escritorio/mobar/src/ros/build/CMakeFiles/CMakeTmp»
make: *** [cmTryCompileExec1795519827/fast] Error 2

File /home/gsi/Escritorio/mobar/src/ros/build/CMakeFiles/CMakeTmp/CheckSymbolExists.c:
/* */
#include <pthread.h>

int main(int argc, char** argv)
{
  (void)argv;
#ifndef pthread_create
  return ((int*)(&pthread_create))[argc];
#else
  (void)argc;
  return 0;
#endif
}

Determining if the function pthread_create exists in the pthreads failed with the following output:
Change Dir: /home/gsi/Escritorio/mobar/src/ros/build/CMakeFiles/CMakeTmp

Run Build Command:/usr/bin/make "cmTryCompileExec7317471/fast"
/usr/bin/make -f CMakeFiles/cmTryCompileExec7317471.dir/build.make CMakeFiles/cmTryCompileExec7317471.dir/build
make[1]: se ingresa al directorio «/home/gsi/Escritorio/mobar/src/ros/build/CMakeFiles/CMakeTmp»
/usr/bin/cmake -E cmake_progress_report /home/gsi/Escritorio/mobar/src/ros/build/CMakeFiles/CMakeTmp/CMakeFiles 1
Building C object CMakeFiles/cmTryCompileExec7317471.dir/CheckFunctionExists.c.o
/usr/bin/cc   -DCHECK_FUNCTION_EXISTS=pthread_create   -o CMakeFiles/cmTryCompileExec7317471.dir/CheckFunctionExists.c.o   -c /usr/share/cmake-2.8/Modules/CheckFunctionExists.c
Linking C executable cmTryCompileExec7317471
/usr/bin/cmake -E cmake_link_script CMakeFiles/cmTryCompileExec7317471.dir/link.txt --verbose=1
/usr/bin/cc   -DCHECK_FUNCTION_EXISTS=pthread_create    CMakeFiles/cmTryCompileExec7317471.dir/CheckFunctionExists.c.o  -o cmTryCompileExec7317471 -rdynamic -lpthreads 
/usr/bin/ld: no se puede encontrar -lpthreads
collect2: error: ld returned 1 exit status
make[1]: *** [cmTryCompileExec7317471] Error 1
make[1]: se sale del directorio «/home/gsi/Escritorio/mobar/src/ros/build/CMakeFiles/CMakeTmp»
make: *** [cmTryCompileExec7317471/fast] Error 2


